<?xml version="1.0" encoding="UTF-8"?>
<testng-results ignored="0" total="1" passed="1" failed="0" skipped="0">
  <reporter-output>
  </reporter-output>
  <suite started-at="2024-04-28T21:22:24 IST" name="Default suite" finished-at="2024-04-28T21:23:22 IST" duration-ms="57280">
    <groups>
    </groups>
    <test started-at="2024-04-28T21:22:24 IST" name="Default test" finished-at="2024-04-28T21:23:22 IST" duration-ms="57280">
      <class name="testfile.Senario_1">
        <test-method is-config="true" signature="Lounch()[pri:0, instance:testfile.Senario_1@6631f5ca]" started-at="2024-04-28T21:22:24 IST" name="Lounch" finished-at="2024-04-28T21:22:37 IST" duration-ms="12414" status="PASS">
          <reporter-output>
          </reporter-output>
        </test-method> <!-- Lounch -->
        <test-method signature="end_to_end()[pri:0, instance:testfile.Senario_1@6631f5ca]" started-at="2024-04-28T21:22:37 IST" name="end_to_end" finished-at="2024-04-28T21:23:19 IST" duration-ms="41877" status="PASS">
          <reporter-output>
          </reporter-output>
        </test-method> <!-- end_to_end -->
        <test-method is-config="true" signature="quit()[pri:0, instance:testfile.Senario_1@6631f5ca]" started-at="2024-04-28T21:23:19 IST" name="quit" finished-at="2024-04-28T21:23:22 IST" duration-ms="2949" status="PASS">
          <reporter-output>
          </reporter-output>
        </test-method> <!-- quit -->
      </class> <!-- testfile.Senario_1 -->
    </test> <!-- Default test -->
  </suite> <!-- Default suite -->
</testng-results>
